# JRE version: OpenJDK Runtime Environment (17.0.7) (build 17.0.7+0-b2043.56-10550314)
# Java VM: OpenJDK 64-Bit Server VM (17.0.7+0-b2043.56-10550314, mixed mode, tiered, compressed oops, compressed class ptrs, g1 gc, windows-amd64)
GC Precious Log:
 CPUs: 8 total, 8 available
 Memory: 3455M
 Large Page Support: Disabled
 NUMA Support: Disabled
 Compressed Oops: Enabled (32-bit)
 Heap Region Size: 1M
 Heap Min Capacity: 8M
 Heap Initial Capacity: 54M
 Heap Max Capacity: 864M
 Pre-touch: Disabled
 Parallel Workers: 8
 Concurrent Workers: 2
 Concurrent Refinement Workers: 8
 Periodic GC: Disabled
Heap:
 garbage-first heap   total 61440K, used 33868K [0x00000000ca000000, 0x0000000100000000)
  region size 1024K, 2 young (2048K), 2 survivors (2048K)
 Metaspace       used 48263K, committed 48512K, reserved 1114112K
  class space    used 5890K, committed 6016K, reserved 1048576K
GC Heap History (20 events):
Event: 2.857 GC heap after
{Heap after GC invocations=5 (full 0):
 garbage-first heap   total 40960K, used 11607K [0x00000000ca000000, 0x0000000100000000)
  region size 1024K, 2 young (2048K), 2 survivors (2048K)
 Metaspace       used 29069K, committed 29312K, reserved 1114112K
  class space    used 3678K, committed 3776K, reserved 1048576K
}
Event: 2.889 GC heap before
{Heap before GC invocations=5 (full 0):
 garbage-first heap   total 40960K, used 11607K [0x00000000ca000000, 0x0000000100000000)
  region size 1024K, 3 young (3072K), 2 survivors (2048K)
 Metaspace       used 29362K, committed 29568K, reserved 1114112K
  class space    used 3706K, committed 3776K, reserved 1048576K
}
Event: 2.894 GC heap after
{Heap after GC invocations=6 (full 0):
 garbage-first heap   total 40960K, used 11675K [0x00000000ca000000, 0x0000000100000000)
  region size 1024K, 1 young (1024K), 1 survivors (1024K)
 Metaspace       used 29362K, committed 29568K, reserved 1114112K
  class space    used 3706K, committed 3776K, reserved 1048576K
}
Event: 3.207 GC heap before
{Heap before GC invocations=6 (full 0):
 garbage-first heap   total 40960K, used 30107K [0x00000000ca000000, 0x0000000100000000)
  region size 1024K, 20 young (20480K), 1 survivors (1024K)
 Metaspace       used 29917K, committed 30208K, reserved 1114112K
  class space    used 3722K, committed 3840K, reserved 1048576K
}
Event: 3.217 GC heap after
{Heap after GC invocations=7 (full 0):
 garbage-first heap   total 40960K, used 17078K [0x00000000ca000000, 0x0000000100000000)
  region size 1024K, 3 young (3072K), 3 survivors (3072K)
 Metaspace       used 29917K, committed 30208K, reserved 1114112K
  class space    used 3722K, committed 3840K, reserved 1048576K
}
Event: 3.442 GC heap before
{Heap before GC invocations=7 (full 0):
 garbage-first heap   total 40960K, used 31414K [0x00000000ca000000, 0x0000000100000000)
  region size 1024K, 15 young (15360K), 3 survivors (3072K)
 Metaspace       used 31023K, committed 31296K, reserved 1114112K
  class space    used 4033K, committed 4160K, reserved 1048576K
}
Event: 3.453 GC heap after
{Heap after GC invocations=8 (full 0):
 garbage-first heap   total 61440K, used 22528K [0x00000000ca000000, 0x0000000100000000)
  region size 1024K, 2 young (2048K), 2 survivors (2048K)
 Metaspace       used 31023K, committed 31296K, reserved 1114112K
  class space    used 4033K, committed 4160K, reserved 1048576K
}
Event: 4.048 GC heap before
{Heap before GC invocations=8 (full 0):
 garbage-first heap   total 61440K, used 43008K [0x00000000ca000000, 0x0000000100000000)
  region size 1024K, 22 young (22528K), 2 survivors (2048K)
 Metaspace       used 35746K, committed 35968K, reserved 1114112K
  class space    used 4581K, committed 4672K, reserved 1048576K
}
Event: 4.056 GC heap after
{Heap after GC invocations=9 (full 0):
 garbage-first heap   total 61440K, used 22458K [0x00000000ca000000, 0x0000000100000000)
  region size 1024K, 2 young (2048K), 2 survivors (2048K)
 Metaspace       used 35746K, committed 35968K, reserved 1114112K
  class space    used 4581K, committed 4672K, reserved 1048576K
}
Event: 4.061 GC heap before
{Heap before GC invocations=9 (full 0):
 garbage-first heap   total 61440K, used 22458K [0x00000000ca000000, 0x0000000100000000)
  region size 1024K, 3 young (3072K), 2 survivors (2048K)
 Metaspace       used 35803K, committed 35968K, reserved 1114112K
  class space    used 4586K, committed 4672K, reserved 1048576K
}
Event: 4.063 GC heap after
{Heap after GC invocations=10 (full 0):
 garbage-first heap   total 61440K, used 22897K [0x00000000ca000000, 0x0000000100000000)
  region size 1024K, 1 young (1024K), 1 survivors (1024K)
 Metaspace       used 35803K, committed 35968K, reserved 1114112K
  class space    used 4586K, committed 4672K, reserved 1048576K
}
Event: 4.608 GC heap before
{Heap before GC invocations=11 (full 0):
 garbage-first heap   total 61440K, used 44401K [0x00000000ca000000, 0x0000000100000000)
  region size 1024K, 23 young (23552K), 1 survivors (1024K)
 Metaspace       used 40373K, committed 40576K, reserved 1114112K
  class space    used 4998K, committed 5120K, reserved 1048576K
}
Event: 4.613 GC heap after
{Heap after GC invocations=12 (full 0):
 garbage-first heap   total 61440K, used 24905K [0x00000000ca000000, 0x0000000100000000)
  region size 1024K, 3 young (3072K), 3 survivors (3072K)
 Metaspace       used 40373K, committed 40576K, reserved 1114112K
  class space    used 4998K, committed 5120K, reserved 1048576K
}
Event: 4.641 GC heap before
{Heap before GC invocations=12 (full 0):
 garbage-first heap   total 61440K, used 24905K [0x00000000ca000000, 0x0000000100000000)
  region size 1024K, 4 young (4096K), 3 survivors (3072K)
 Metaspace       used 40570K, committed 40768K, reserved 1114112K
  class space    used 5019K, committed 5120K, reserved 1048576K
}
Event: 4.646 GC heap after
{Heap after GC invocations=13 (full 0):
 garbage-first heap   total 61440K, used 24657K [0x00000000ca000000, 0x0000000100000000)
  region size 1024K, 1 young (1024K), 1 survivors (1024K)
 Metaspace       used 40570K, committed 40768K, reserved 1114112K
  class space    used 5019K, committed 5120K, reserved 1048576K
}
Event: 6.436 GC heap before
{Heap before GC invocations=13 (full 0):
 garbage-first heap   total 61440K, used 46161K [0x00000000ca000000, 0x0000000100000000)
  region size 1024K, 22 young (22528K), 1 survivors (1024K)
 Metaspace       used 45772K, committed 45952K, reserved 1114112K
  class space    used 5628K, committed 5696K, reserved 1048576K
}
Event: 6.442 GC heap after
{Heap after GC invocations=14 (full 0):
 garbage-first heap   total 61440K, used 26230K [0x00000000ca000000, 0x0000000100000000)
  region size 1024K, 2 young (2048K), 2 survivors (2048K)
 Metaspace       used 45772K, committed 45952K, reserved 1114112K
  class space    used 5628K, committed 5696K, reserved 1048576K
}
Event: 7.021 GC heap before
{Heap before GC invocations=14 (full 0):
 garbage-first heap   total 61440K, used 49782K [0x00000000ca000000, 0x0000000100000000)
  region size 1024K, 23 young (23552K), 2 survivors (2048K)
 Metaspace       used 48190K, committed 48448K, reserved 1114112K
  class space    used 5890K, committed 6016K, reserved 1048576K
}
Event: 7.032 GC heap after
{Heap after GC invocations=15 (full 0):
 garbage-first heap   total 61440K, used 32177K [0x00000000ca000000, 0x0000000100000000)
  region size 1024K, 3 young (3072K), 3 survivors (3072K)
 Metaspace       used 48190K, committed 48448K, reserved 1114112K
  class space    used 5890K, committed 6016K, reserved 1048576K
}
Event: 7.099 GC heap before
{Heap before GC invocations=15 (full 0):
 garbage-first heap   total 61440K, used 47537K [0x00000000ca000000, 0x0000000100000000)
  region size 1024K, 18 young (18432K), 3 survivors (3072K)
 Metaspace       used 48263K, committed 48512K, reserved 1114112K
  class space    used 5890K, committed 6016K, reserved 1048576K
}

