# JRE version: OpenJDK Runtime Environment (17.0.7) (build 17.0.7+0-b2043.56-10550314)
# Java VM: OpenJDK 64-Bit Server VM (17.0.7+0-b2043.56-10550314, mixed mode, tiered, compressed oops, compressed class ptrs, g1 gc, windows-amd64)
GC Precious Log:
 CPUs: 8 total, 8 available
 Memory: 3455M
 Large Page Support: Disabled
 NUMA Support: Disabled
 Compressed Oops: Enabled (32-bit)
 Heap Region Size: 1M
 Heap Min Capacity: 8M
 Heap Initial Capacity: 54M
 Heap Max Capacity: 864M
 Pre-touch: Disabled
 Parallel Workers: 8
 Concurrent Workers: 2
 Concurrent Refinement Workers: 8
 Periodic GC: Disabled
Heap:
 garbage-first heap   total 150528K, used 78182K [0x00000000ca000000, 0x0000000100000000)
  region size 1024K, 3 young (3072K), 3 survivors (3072K)
 Metaspace       used 79131K, committed 79360K, reserved 1179648K
  class space    used 9037K, committed 9152K, reserved 1048576K
GC Heap History (20 events):
Event: 6.722 GC heap after
{Heap after GC invocations=23 (full 0):
 garbage-first heap   total 130048K, used 47776K [0x00000000ca000000, 0x0000000100000000)
  region size 1024K, 1 young (1024K), 1 survivors (1024K)
 Metaspace       used 56942K, committed 57280K, reserved 1114112K
  class space    used 6869K, committed 7040K, reserved 1048576K
}
Event: 8.275 GC heap before
{Heap before GC invocations=23 (full 0):
 garbage-first heap   total 130048K, used 97952K [0x00000000ca000000, 0x0000000100000000)
  region size 1024K, 50 young (51200K), 1 survivors (1024K)
 Metaspace       used 60248K, committed 60544K, reserved 1114112K
  class space    used 7217K, committed 7360K, reserved 1048576K
}
Event: 8.294 GC heap after
{Heap after GC invocations=24 (full 0):
 garbage-first heap   total 130048K, used 55568K [0x00000000ca000000, 0x0000000100000000)
  region size 1024K, 7 young (7168K), 7 survivors (7168K)
 Metaspace       used 60248K, committed 60544K, reserved 1114112K
  class space    used 7217K, committed 7360K, reserved 1048576K
}
Event: 9.361 GC heap before
{Heap before GC invocations=24 (full 0):
 garbage-first heap   total 130048K, used 97552K [0x00000000ca000000, 0x0000000100000000)
  region size 1024K, 48 young (49152K), 7 survivors (7168K)
 Metaspace       used 63181K, committed 63488K, reserved 1114112K
  class space    used 7524K, committed 7680K, reserved 1048576K
}
Event: 9.379 GC heap after
{Heap after GC invocations=25 (full 0):
 garbage-first heap   total 130048K, used 61792K [0x00000000ca000000, 0x0000000100000000)
  region size 1024K, 6 young (6144K), 6 survivors (6144K)
 Metaspace       used 63181K, committed 63488K, reserved 1114112K
  class space    used 7524K, committed 7680K, reserved 1048576K
}
Event: 10.159 GC heap before
{Heap before GC invocations=25 (full 0):
 garbage-first heap   total 130048K, used 99680K [0x00000000ca000000, 0x0000000100000000)
  region size 1024K, 43 young (44032K), 6 survivors (6144K)
 Metaspace       used 68183K, committed 68416K, reserved 1114112K
  class space    used 8014K, committed 8128K, reserved 1048576K
}
Event: 10.176 GC heap after
{Heap after GC invocations=26 (full 0):
 garbage-first heap   total 130048K, used 67335K [0x00000000ca000000, 0x0000000100000000)
  region size 1024K, 6 young (6144K), 6 survivors (6144K)
 Metaspace       used 68183K, committed 68416K, reserved 1114112K
  class space    used 8014K, committed 8128K, reserved 1048576K
}
Event: 10.764 GC heap before
{Heap before GC invocations=26 (full 0):
 garbage-first heap   total 130048K, used 101127K [0x00000000ca000000, 0x0000000100000000)
  region size 1024K, 39 young (39936K), 6 survivors (6144K)
 Metaspace       used 71013K, committed 71232K, reserved 1114112K
  class space    used 8271K, committed 8384K, reserved 1048576K
}
Event: 10.791 GC heap after
{Heap after GC invocations=27 (full 0):
 garbage-first heap   total 130048K, used 72132K [0x00000000ca000000, 0x0000000100000000)
  region size 1024K, 5 young (5120K), 5 survivors (5120K)
 Metaspace       used 71013K, committed 71232K, reserved 1114112K
  class space    used 8271K, committed 8384K, reserved 1048576K
}
Event: 11.525 GC heap before
{Heap before GC invocations=28 (full 0):
 garbage-first heap   total 130048K, used 101828K [0x00000000ca000000, 0x0000000100000000)
  region size 1024K, 35 young (35840K), 5 survivors (5120K)
 Metaspace       used 76361K, committed 76672K, reserved 1179648K
  class space    used 8856K, committed 9024K, reserved 1048576K
}
Event: 11.539 GC heap after
{Heap after GC invocations=29 (full 0):
 garbage-first heap   total 130048K, used 72977K [0x00000000ca000000, 0x0000000100000000)
  region size 1024K, 2 young (2048K), 2 survivors (2048K)
 Metaspace       used 76361K, committed 76672K, reserved 1179648K
  class space    used 8856K, committed 9024K, reserved 1048576K
}
Event: 11.594 GC heap before
{Heap before GC invocations=29 (full 0):
 garbage-first heap   total 130048K, used 77073K [0x00000000ca000000, 0x0000000100000000)
  region size 1024K, 6 young (6144K), 2 survivors (2048K)
 Metaspace       used 76456K, committed 76736K, reserved 1179648K
  class space    used 8863K, committed 9024K, reserved 1048576K
}
Event: 11.604 GC heap after
{Heap after GC invocations=30 (full 0):
 garbage-first heap   total 130048K, used 72109K [0x00000000ca000000, 0x0000000100000000)
  region size 1024K, 1 young (1024K), 1 survivors (1024K)
 Metaspace       used 76456K, committed 76736K, reserved 1179648K
  class space    used 8863K, committed 9024K, reserved 1048576K
}
Event: 11.896 GC heap before
{Heap before GC invocations=30 (full 0):
 garbage-first heap   total 130048K, used 104877K [0x00000000ca000000, 0x0000000100000000)
  region size 1024K, 33 young (33792K), 1 survivors (1024K)
 Metaspace       used 76763K, committed 77056K, reserved 1179648K
  class space    used 8863K, committed 9024K, reserved 1048576K
}
Event: 11.907 GC heap after
{Heap after GC invocations=31 (full 0):
 garbage-first heap   total 130048K, used 76295K [0x00000000ca000000, 0x0000000100000000)
  region size 1024K, 5 young (5120K), 5 survivors (5120K)
 Metaspace       used 76763K, committed 77056K, reserved 1179648K
  class space    used 8863K, committed 9024K, reserved 1048576K
}
Event: 12.204 GC heap before
{Heap before GC invocations=32 (full 0):
 garbage-first heap   total 150528K, used 104967K [0x00000000ca000000, 0x0000000100000000)
  region size 1024K, 33 young (33792K), 5 survivors (5120K)
 Metaspace       used 76834K, committed 77120K, reserved 1179648K
  class space    used 8863K, committed 9024K, reserved 1048576K
}
Event: 12.227 GC heap after
{Heap after GC invocations=33 (full 0):
 garbage-first heap   total 150528K, used 76890K [0x00000000ca000000, 0x0000000100000000)
  region size 1024K, 1 young (1024K), 1 survivors (1024K)
 Metaspace       used 76834K, committed 77120K, reserved 1179648K
  class space    used 8863K, committed 9024K, reserved 1048576K
}
Event: 12.270 GC heap before
{Heap before GC invocations=33 (full 0):
 garbage-first heap   total 150528K, used 83034K [0x00000000ca000000, 0x0000000100000000)
  region size 1024K, 7 young (7168K), 1 survivors (1024K)
 Metaspace       used 76837K, committed 77120K, reserved 1179648K
  class space    used 8863K, committed 9024K, reserved 1048576K
}
Event: 12.279 GC heap after
{Heap after GC invocations=34 (full 0):
 garbage-first heap   total 150528K, used 76068K [0x00000000ca000000, 0x0000000100000000)
  region size 1024K, 1 young (1024K), 1 survivors (1024K)
 Metaspace       used 76837K, committed 77120K, reserved 1179648K
  class space    used 8863K, committed 9024K, reserved 1048576K
}
Event: 13.192 GC heap before
{Heap before GC invocations=34 (full 0):
 garbage-first heap   total 150528K, used 122148K [0x00000000ca000000, 0x0000000100000000)
  region size 1024K, 46 young (47104K), 1 survivors (1024K)
 Metaspace       used 79131K, committed 79360K, reserved 1179648K
  class space    used 9037K, committed 9152K, reserved 1048576K
}

