# JRE version: OpenJDK Runtime Environment (17.0.7) (build 17.0.7+0-b2043.56-10550314)
# Java VM: OpenJDK 64-Bit Server VM (17.0.7+0-b2043.56-10550314, mixed mode, tiered, compressed oops, compressed class ptrs, g1 gc, windows-amd64)
GC Precious Log:
 CPUs: 8 total, 8 available
 Memory: 3455M
 Large Page Support: Disabled
 NUMA Support: Disabled
 Compressed Oops: Enabled (32-bit)
 Heap Region Size: 1M
 Heap Min Capacity: 8M
 Heap Initial Capacity: 54M
 Heap Max Capacity: 2G
 Pre-touch: Disabled
 Parallel Workers: 8
 Concurrent Workers: 2
 Concurrent Refinement Workers: 8
 Periodic GC: Disabled
Heap:
 garbage-first heap   total 420864K, used 314013K [0x0000000080000000, 0x0000000100000000)
  region size 1024K, 7 young (7168K), 4 survivors (4096K)
 Metaspace       used 140800K, committed 141888K, reserved 1179648K
  class space    used 19483K, committed 19968K, reserved 1048576K
GC Heap History (20 events):
Event: 22.829 GC heap before
{Heap before GC invocations=55 (full 0):
 garbage-first heap   total 181248K, used 147456K [0x0000000080000000, 0x0000000100000000)
  region size 1024K, 39 young (39936K), 1 survivors (1024K)
 Metaspace       used 99605K, committed 100352K, reserved 1179648K
  class space    used 13831K, committed 14208K, reserved 1048576K
}
Event: 22.837 GC heap after
{Heap after GC invocations=56 (full 0):
 garbage-first heap   total 420864K, used 112722K [0x0000000080000000, 0x0000000100000000)
  region size 1024K, 5 young (5120K), 5 survivors (5120K)
 Metaspace       used 99605K, committed 100352K, reserved 1179648K
  class space    used 13831K, committed 14208K, reserved 1048576K
}
Event: 26.893 GC heap before
{Heap before GC invocations=56 (full 0):
 garbage-first heap   total 420864K, used 339026K [0x0000000080000000, 0x0000000100000000)
  region size 1024K, 227 young (232448K), 5 survivors (5120K)
 Metaspace       used 100802K, committed 101568K, reserved 1179648K
  class space    used 13930K, committed 14336K, reserved 1048576K
}
Event: 26.923 GC heap after
{Heap after GC invocations=57 (full 0):
 garbage-first heap   total 420864K, used 124835K [0x0000000080000000, 0x0000000100000000)
  region size 1024K, 16 young (16384K), 16 survivors (16384K)
 Metaspace       used 100802K, committed 101568K, reserved 1179648K
  class space    used 13930K, committed 14336K, reserved 1048576K
}
Event: 44.220 GC heap before
{Heap before GC invocations=57 (full 0):
 garbage-first heap   total 420864K, used 330659K [0x0000000080000000, 0x0000000100000000)
  region size 1024K, 213 young (218112K), 16 survivors (16384K)
 Metaspace       used 107154K, committed 108032K, reserved 1179648K
  class space    used 14737K, committed 15168K, reserved 1048576K
}
Event: 44.696 GC heap after
{Heap after GC invocations=58 (full 0):
 garbage-first heap   total 420864K, used 135637K [0x0000000080000000, 0x0000000100000000)
  region size 1024K, 13 young (13312K), 13 survivors (13312K)
 Metaspace       used 107154K, committed 108032K, reserved 1179648K
  class space    used 14737K, committed 15168K, reserved 1048576K
}
Event: 49.773 GC heap before
{Heap before GC invocations=58 (full 0):
 garbage-first heap   total 420864K, used 243157K [0x0000000080000000, 0x0000000100000000)
  region size 1024K, 118 young (120832K), 13 survivors (13312K)
 Metaspace       used 114863K, committed 115712K, reserved 1179648K
  class space    used 15687K, committed 16128K, reserved 1048576K
}
Event: 49.842 GC heap after
{Heap after GC invocations=59 (full 0):
 garbage-first heap   total 420864K, used 150519K [0x0000000080000000, 0x0000000100000000)
  region size 1024K, 15 young (15360K), 15 survivors (15360K)
 Metaspace       used 114863K, committed 115712K, reserved 1179648K
  class space    used 15687K, committed 16128K, reserved 1048576K
}
Event: 52.283 GC heap before
{Heap before GC invocations=59 (full 0):
 garbage-first heap   total 420864K, used 260087K [0x0000000080000000, 0x0000000100000000)
  region size 1024K, 117 young (119808K), 15 survivors (15360K)
 Metaspace       used 117929K, committed 118720K, reserved 1179648K
  class space    used 16025K, committed 16384K, reserved 1048576K
}
Event: 52.317 GC heap after
{Heap after GC invocations=60 (full 0):
 garbage-first heap   total 420864K, used 158689K [0x0000000080000000, 0x0000000100000000)
  region size 1024K, 7 young (7168K), 7 survivors (7168K)
 Metaspace       used 117929K, committed 118720K, reserved 1179648K
  class space    used 16025K, committed 16384K, reserved 1048576K
}
Event: 54.536 GC heap before
{Heap before GC invocations=60 (full 0):
 garbage-first heap   total 420864K, used 331745K [0x0000000080000000, 0x0000000100000000)
  region size 1024K, 177 young (181248K), 7 survivors (7168K)
 Metaspace       used 132683K, committed 133632K, reserved 1179648K
  class space    used 18408K, committed 18880K, reserved 1048576K
}
Event: 54.589 GC heap after
{Heap after GC invocations=61 (full 0):
 garbage-first heap   total 420864K, used 165655K [0x0000000080000000, 0x0000000100000000)
  region size 1024K, 16 young (16384K), 16 survivors (16384K)
 Metaspace       used 132683K, committed 133632K, reserved 1179648K
  class space    used 18408K, committed 18880K, reserved 1048576K
}
Event: 58.705 GC heap before
{Heap before GC invocations=61 (full 0):
 garbage-first heap   total 420864K, used 352023K [0x0000000080000000, 0x0000000100000000)
  region size 1024K, 147 young (150528K), 16 survivors (16384K)
 Metaspace       used 138784K, committed 139712K, reserved 1179648K
  class space    used 19283K, committed 19776K, reserved 1048576K
}
Event: 58.792 GC heap after
{Heap after GC invocations=62 (full 0):
 garbage-first heap   total 420864K, used 199846K [0x0000000080000000, 0x0000000100000000)
  region size 1024K, 6 young (6144K), 6 survivors (6144K)
 Metaspace       used 138784K, committed 139712K, reserved 1179648K
  class space    used 19283K, committed 19776K, reserved 1048576K
}
Event: 59.346 GC heap before
{Heap before GC invocations=62 (full 0):
 garbage-first heap   total 420864K, used 251046K [0x0000000080000000, 0x0000000100000000)
  region size 1024K, 10 young (10240K), 6 survivors (6144K)
 Metaspace       used 138986K, committed 139904K, reserved 1179648K
  class space    used 19309K, committed 19776K, reserved 1048576K
}
Event: 59.355 GC heap after
{Heap after GC invocations=63 (full 0):
 garbage-first heap   total 420864K, used 185849K [0x0000000080000000, 0x0000000100000000)
  region size 1024K, 5 young (5120K), 5 survivors (5120K)
 Metaspace       used 138986K, committed 139904K, reserved 1179648K
  class space    used 19309K, committed 19776K, reserved 1048576K
}
Event: 113.247 GC heap before
{Heap before GC invocations=63 (full 0):
 garbage-first heap   total 420864K, used 373241K [0x0000000080000000, 0x0000000100000000)
  region size 1024K, 148 young (151552K), 5 survivors (5120K)
 Metaspace       used 140779K, committed 141760K, reserved 1179648K
  class space    used 19502K, committed 19968K, reserved 1048576K
}
Event: 113.430 GC heap after
{Heap after GC invocations=64 (full 0):
 garbage-first heap   total 420864K, used 170095K [0x0000000080000000, 0x0000000100000000)
  region size 1024K, 16 young (16384K), 16 survivors (16384K)
 Metaspace       used 140779K, committed 141760K, reserved 1179648K
  class space    used 19502K, committed 19968K, reserved 1048576K
}
Event: 115.260 GC heap before
{Heap before GC invocations=64 (full 0):
 garbage-first heap   total 420864K, used 248943K [0x0000000080000000, 0x0000000100000000)
  region size 1024K, 37 young (37888K), 16 survivors (16384K)
 Metaspace       used 140888K, committed 141888K, reserved 1179648K
  class space    used 19506K, committed 19968K, reserved 1048576K
}
Event: 115.384 GC heap after
{Heap after GC invocations=65 (full 0):
 garbage-first heap   total 420864K, used 231069K [0x0000000080000000, 0x0000000100000000)
  region size 1024K, 4 young (4096K), 4 survivors (4096K)
 Metaspace       used 140888K, committed 141888K, reserved 1179648K
  class space    used 19506K, committed 19968K, reserved 1048576K
}

