# JRE version: OpenJDK Runtime Environment (17.0.7) (build 17.0.7+0-b2043.56-10550314)
# Java VM: OpenJDK 64-Bit Server VM (17.0.7+0-b2043.56-10550314, mixed mode, tiered, compressed oops, compressed class ptrs, g1 gc, windows-amd64)
GC Precious Log:
 CPUs: 8 total, 8 available
 Memory: 3455M
 Large Page Support: Disabled
 NUMA Support: Disabled
 Compressed Oops: Enabled (32-bit)
 Heap Region Size: 1M
 Heap Min Capacity: 8M
 Heap Initial Capacity: 54M
 Heap Max Capacity: 864M
 Pre-touch: Disabled
 Parallel Workers: 8
 Concurrent Workers: 2
 Concurrent Refinement Workers: 8
 Periodic GC: Disabled
Heap:
 garbage-first heap   total 92160K, used 42390K [0x00000000ca000000, 0x0000000100000000)
  region size 1024K, 2 young (2048K), 2 survivors (2048K)
 Metaspace       used 55585K, committed 55808K, reserved 1114112K
  class space    used 6740K, committed 6848K, reserved 1048576K
GC Heap History (20 events):
Event: 5.067 GC heap after
{Heap after GC invocations=11 (full 0):
 garbage-first heap   total 61440K, used 23374K [0x00000000ca000000, 0x0000000100000000)
  region size 1024K, 3 young (3072K), 3 survivors (3072K)
 Metaspace       used 37680K, committed 37824K, reserved 1114112K
  class space    used 4800K, committed 4864K, reserved 1048576K
}
Event: 5.426 GC heap before
{Heap before GC invocations=11 (full 0):
 garbage-first heap   total 61440K, used 42830K [0x00000000ca000000, 0x0000000100000000)
  region size 1024K, 23 young (23552K), 3 survivors (3072K)
 Metaspace       used 41677K, committed 41920K, reserved 1114112K
  class space    used 5145K, committed 5248K, reserved 1048576K
}
Event: 5.433 GC heap after
{Heap after GC invocations=12 (full 0):
 garbage-first heap   total 61440K, used 25205K [0x00000000ca000000, 0x0000000100000000)
  region size 1024K, 2 young (2048K), 2 survivors (2048K)
 Metaspace       used 41677K, committed 41920K, reserved 1114112K
  class space    used 5145K, committed 5248K, reserved 1048576K
}
Event: 6.092 GC heap before
{Heap before GC invocations=12 (full 0):
 garbage-first heap   total 61440K, used 46709K [0x00000000ca000000, 0x0000000100000000)
  region size 1024K, 21 young (21504K), 2 survivors (2048K)
 Metaspace       used 46188K, committed 46400K, reserved 1114112K
  class space    used 5646K, committed 5760K, reserved 1048576K
}
Event: 6.099 GC heap after
{Heap after GC invocations=13 (full 0):
 garbage-first heap   total 61440K, used 30366K [0x00000000ca000000, 0x0000000100000000)
  region size 1024K, 3 young (3072K), 3 survivors (3072K)
 Metaspace       used 46188K, committed 46400K, reserved 1114112K
  class space    used 5646K, committed 5760K, reserved 1048576K
}
Event: 6.439 GC heap before
{Heap before GC invocations=13 (full 0):
 garbage-first heap   total 61440K, used 46750K [0x00000000ca000000, 0x0000000100000000)
  region size 1024K, 19 young (19456K), 3 survivors (3072K)
 Metaspace       used 47710K, committed 48000K, reserved 1114112K
  class space    used 5814K, committed 5952K, reserved 1048576K
}
Event: 6.453 GC heap after
{Heap after GC invocations=14 (full 0):
 garbage-first heap   total 61440K, used 34524K [0x00000000ca000000, 0x0000000100000000)
  region size 1024K, 3 young (3072K), 3 survivors (3072K)
 Metaspace       used 47710K, committed 48000K, reserved 1114112K
  class space    used 5814K, committed 5952K, reserved 1048576K
}
Event: 6.773 GC heap before
{Heap before GC invocations=14 (full 0):
 garbage-first heap   total 61440K, used 47836K [0x00000000ca000000, 0x0000000100000000)
  region size 1024K, 16 young (16384K), 3 survivors (3072K)
 Metaspace       used 49006K, committed 49216K, reserved 1114112K
  class space    used 5964K, committed 6080K, reserved 1048576K
}
Event: 6.782 GC heap after
{Heap after GC invocations=15 (full 0):
 garbage-first heap   total 73728K, used 37592K [0x00000000ca000000, 0x0000000100000000)
  region size 1024K, 2 young (2048K), 2 survivors (2048K)
 Metaspace       used 49006K, committed 49216K, reserved 1114112K
  class space    used 5964K, committed 6080K, reserved 1048576K
}
Event: 7.237 GC heap before
{Heap before GC invocations=16 (full 0):
 garbage-first heap   total 73728K, used 52952K [0x00000000ca000000, 0x0000000100000000)
  region size 1024K, 18 young (18432K), 2 survivors (2048K)
 Metaspace       used 51869K, committed 52160K, reserved 1114112K
  class space    used 6336K, committed 6464K, reserved 1048576K
}
Event: 7.249 GC heap after
{Heap after GC invocations=17 (full 0):
 garbage-first heap   total 73728K, used 40960K [0x00000000ca000000, 0x0000000100000000)
  region size 1024K, 3 young (3072K), 3 survivors (3072K)
 Metaspace       used 51869K, committed 52160K, reserved 1114112K
  class space    used 6336K, committed 6464K, reserved 1048576K
}
Event: 7.272 GC heap before
{Heap before GC invocations=17 (full 0):
 garbage-first heap   total 73728K, used 41984K [0x00000000ca000000, 0x0000000100000000)
  region size 1024K, 4 young (4096K), 3 survivors (3072K)
 Metaspace       used 51937K, committed 52224K, reserved 1114112K
  class space    used 6342K, committed 6464K, reserved 1048576K
}
Event: 7.280 GC heap after
{Heap after GC invocations=18 (full 0):
 garbage-first heap   total 73728K, used 40954K [0x00000000ca000000, 0x0000000100000000)
  region size 1024K, 1 young (1024K), 1 survivors (1024K)
 Metaspace       used 51937K, committed 52224K, reserved 1114112K
  class space    used 6342K, committed 6464K, reserved 1048576K
}
Event: 7.282 GC heap before
{Heap before GC invocations=18 (full 0):
 garbage-first heap   total 73728K, used 40954K [0x00000000ca000000, 0x0000000100000000)
  region size 1024K, 2 young (2048K), 1 survivors (1024K)
 Metaspace       used 51938K, committed 52224K, reserved 1114112K
  class space    used 6342K, committed 6464K, reserved 1048576K
}
Event: 7.284 GC heap after
{Heap after GC invocations=19 (full 0):
 garbage-first heap   total 73728K, used 40762K [0x00000000ca000000, 0x0000000100000000)
  region size 1024K, 1 young (1024K), 1 survivors (1024K)
 Metaspace       used 51938K, committed 52224K, reserved 1114112K
  class space    used 6342K, committed 6464K, reserved 1048576K
}
Event: 7.366 GC heap before
{Heap before GC invocations=20 (full 0):
 garbage-first heap   total 92160K, used 56122K [0x00000000ca000000, 0x0000000100000000)
  region size 1024K, 16 young (16384K), 1 survivors (1024K)
 Metaspace       used 51995K, committed 52288K, reserved 1114112K
  class space    used 6342K, committed 6464K, reserved 1048576K
}
Event: 7.369 GC heap after
{Heap after GC invocations=21 (full 0):
 garbage-first heap   total 92160K, used 41701K [0x00000000ca000000, 0x0000000100000000)
  region size 1024K, 2 young (2048K), 2 survivors (2048K)
 Metaspace       used 51995K, committed 52288K, reserved 1114112K
  class space    used 6342K, committed 6464K, reserved 1048576K
}
Event: 7.379 GC heap before
{Heap before GC invocations=21 (full 0):
 garbage-first heap   total 92160K, used 43749K [0x00000000ca000000, 0x0000000100000000)
  region size 1024K, 4 young (4096K), 2 survivors (2048K)
 Metaspace       used 52001K, committed 52288K, reserved 1114112K
  class space    used 6342K, committed 6464K, reserved 1048576K
}
Event: 7.382 GC heap after
{Heap after GC invocations=22 (full 0):
 garbage-first heap   total 92160K, used 40795K [0x00000000ca000000, 0x0000000100000000)
  region size 1024K, 1 young (1024K), 1 survivors (1024K)
 Metaspace       used 52001K, committed 52288K, reserved 1114112K
  class space    used 6342K, committed 6464K, reserved 1048576K
}
Event: 7.917 GC heap before
{Heap before GC invocations=22 (full 0):
 garbage-first heap   total 92160K, used 68443K [0x00000000ca000000, 0x0000000100000000)
  region size 1024K, 28 young (28672K), 1 survivors (1024K)
 Metaspace       used 55585K, committed 55808K, reserved 1114112K
  class space    used 6740K, committed 6848K, reserved 1048576K
}

