# JRE version: OpenJDK Runtime Environment (17.0.7) (build 17.0.7+0-b2043.56-10550314)
# Java VM: OpenJDK 64-Bit Server VM (17.0.7+0-b2043.56-10550314, mixed mode, tiered, compressed oops, compressed class ptrs, g1 gc, windows-amd64)
GC Precious Log:
 CPUs: 8 total, 8 available
 Memory: 3455M
 Large Page Support: Disabled
 NUMA Support: Disabled
 Compressed Oops: Enabled (32-bit)
 Heap Region Size: 1M
 Heap Min Capacity: 8M
 Heap Initial Capacity: 54M
 Heap Max Capacity: 864M
 Pre-touch: Disabled
 Parallel Workers: 8
 Concurrent Workers: 2
 Concurrent Refinement Workers: 8
 Periodic GC: Disabled
Heap:
 garbage-first heap   total 107520K, used 58368K [0x00000000ca000000, 0x0000000100000000)
  region size 1024K, 4 young (4096K), 4 survivors (4096K)
 Metaspace       used 62604K, committed 62912K, reserved 1114112K
  class space    used 7488K, committed 7616K, reserved 1048576K
GC Heap History (20 events):
Event: 3.281 GC heap after
{Heap after GC invocations=10 (full 0):
 garbage-first heap   total 54272K, used 21987K [0x00000000ca000000, 0x0000000100000000)
  region size 1024K, 1 young (1024K), 1 survivors (1024K)
 Metaspace       used 35785K, committed 35968K, reserved 1114112K
  class space    used 4575K, committed 4672K, reserved 1048576K
}
Event: 3.606 GC heap before
{Heap before GC invocations=11 (full 0):
 garbage-first heap   total 54272K, used 37347K [0x00000000ca000000, 0x0000000100000000)
  region size 1024K, 17 young (17408K), 1 survivors (1024K)
 Metaspace       used 38972K, committed 39168K, reserved 1114112K
  class space    used 4926K, committed 4992K, reserved 1048576K
}
Event: 3.609 GC heap after
{Heap after GC invocations=12 (full 0):
 garbage-first heap   total 54272K, used 23802K [0x00000000ca000000, 0x0000000100000000)
  region size 1024K, 3 young (3072K), 3 survivors (3072K)
 Metaspace       used 38972K, committed 39168K, reserved 1114112K
  class space    used 4926K, committed 4992K, reserved 1048576K
}
Event: 3.618 GC heap before
{Heap before GC invocations=12 (full 0):
 garbage-first heap   total 54272K, used 23802K [0x00000000ca000000, 0x0000000100000000)
  region size 1024K, 4 young (4096K), 3 survivors (3072K)
 Metaspace       used 39121K, committed 39296K, reserved 1114112K
  class space    used 4935K, committed 4992K, reserved 1048576K
}
Event: 3.622 GC heap after
{Heap after GC invocations=13 (full 0):
 garbage-first heap   total 54272K, used 23041K [0x00000000ca000000, 0x0000000100000000)
  region size 1024K, 1 young (1024K), 1 survivors (1024K)
 Metaspace       used 39121K, committed 39296K, reserved 1114112K
  class space    used 4935K, committed 4992K, reserved 1048576K
}
Event: 3.874 GC heap before
{Heap before GC invocations=13 (full 0):
 garbage-first heap   total 54272K, used 37377K [0x00000000ca000000, 0x0000000100000000)
  region size 1024K, 16 young (16384K), 1 survivors (1024K)
 Metaspace       used 42285K, committed 42560K, reserved 1114112K
  class space    used 5218K, committed 5312K, reserved 1048576K
}
Event: 3.876 GC heap after
{Heap after GC invocations=14 (full 0):
 garbage-first heap   total 107520K, used 23923K [0x00000000ca000000, 0x0000000100000000)
  region size 1024K, 2 young (2048K), 2 survivors (2048K)
 Metaspace       used 42285K, committed 42560K, reserved 1114112K
  class space    used 5218K, committed 5312K, reserved 1048576K
}
Event: 5.023 GC heap before
{Heap before GC invocations=14 (full 0):
 garbage-first heap   total 107520K, used 71027K [0x00000000ca000000, 0x0000000100000000)
  region size 1024K, 46 young (47104K), 2 survivors (2048K)
 Metaspace       used 49004K, committed 49280K, reserved 1114112K
  class space    used 5967K, committed 6144K, reserved 1048576K
}
Event: 5.042 GC heap after
{Heap after GC invocations=15 (full 0):
 garbage-first heap   total 107520K, used 35457K [0x00000000ca000000, 0x0000000100000000)
  region size 1024K, 6 young (6144K), 6 survivors (6144K)
 Metaspace       used 49004K, committed 49280K, reserved 1114112K
  class space    used 5967K, committed 6144K, reserved 1048576K
}
Event: 5.590 GC heap before
{Heap before GC invocations=15 (full 0):
 garbage-first heap   total 107520K, used 71297K [0x00000000ca000000, 0x0000000100000000)
  region size 1024K, 40 young (40960K), 6 survivors (6144K)
 Metaspace       used 52130K, committed 52352K, reserved 1114112K
  class space    used 6346K, committed 6464K, reserved 1048576K
}
Event: 5.611 GC heap after
{Heap after GC invocations=16 (full 0):
 garbage-first heap   total 107520K, used 40550K [0x00000000ca000000, 0x0000000100000000)
  region size 1024K, 5 young (5120K), 5 survivors (5120K)
 Metaspace       used 52130K, committed 52352K, reserved 1114112K
  class space    used 6346K, committed 6464K, reserved 1048576K
}
Event: 6.242 GC heap before
{Heap before GC invocations=16 (full 0):
 garbage-first heap   total 107520K, used 74342K [0x00000000ca000000, 0x0000000100000000)
  region size 1024K, 38 young (38912K), 5 survivors (5120K)
 Metaspace       used 56185K, committed 56512K, reserved 1114112K
  class space    used 6813K, committed 6976K, reserved 1048576K
}
Event: 6.256 GC heap after
{Heap after GC invocations=17 (full 0):
 garbage-first heap   total 107520K, used 43339K [0x00000000ca000000, 0x0000000100000000)
  region size 1024K, 3 young (3072K), 3 survivors (3072K)
 Metaspace       used 56185K, committed 56512K, reserved 1114112K
  class space    used 6813K, committed 6976K, reserved 1048576K
}
Event: 7.400 GC heap before
{Heap before GC invocations=17 (full 0):
 garbage-first heap   total 107520K, used 69963K [0x00000000ca000000, 0x0000000100000000)
  region size 1024K, 30 young (30720K), 3 survivors (3072K)
 Metaspace       used 59902K, committed 60160K, reserved 1114112K
  class space    used 7206K, committed 7360K, reserved 1048576K
}
Event: 7.419 GC heap after
{Heap after GC invocations=18 (full 0):
 garbage-first heap   total 107520K, used 46929K [0x00000000ca000000, 0x0000000100000000)
  region size 1024K, 5 young (5120K), 5 survivors (5120K)
 Metaspace       used 59902K, committed 60160K, reserved 1114112K
  class space    used 7206K, committed 7360K, reserved 1048576K
}
Event: 8.208 GC heap before
{Heap before GC invocations=19 (full 0):
 garbage-first heap   total 107520K, used 80721K [0x00000000ca000000, 0x0000000100000000)
  region size 1024K, 38 young (38912K), 5 survivors (5120K)
 Metaspace       used 60317K, committed 60544K, reserved 1114112K
  class space    used 7223K, committed 7360K, reserved 1048576K
}
Event: 8.233 GC heap after
{Heap after GC invocations=20 (full 0):
 garbage-first heap   total 107520K, used 53154K [0x00000000ca000000, 0x0000000100000000)
  region size 1024K, 5 young (5120K), 5 survivors (5120K)
 Metaspace       used 60317K, committed 60544K, reserved 1114112K
  class space    used 7223K, committed 7360K, reserved 1048576K
}
Event: 8.257 GC heap before
{Heap before GC invocations=20 (full 0):
 garbage-first heap   total 107520K, used 54178K [0x00000000ca000000, 0x0000000100000000)
  region size 1024K, 6 young (6144K), 5 survivors (5120K)
 Metaspace       used 60321K, committed 60608K, reserved 1114112K
  class space    used 7223K, committed 7360K, reserved 1048576K
}
Event: 8.273 GC heap after
{Heap after GC invocations=21 (full 0):
 garbage-first heap   total 107520K, used 54216K [0x00000000ca000000, 0x0000000100000000)
  region size 1024K, 1 young (1024K), 1 survivors (1024K)
 Metaspace       used 60321K, committed 60608K, reserved 1114112K
  class space    used 7223K, committed 7360K, reserved 1048576K
}
Event: 9.135 GC heap before
{Heap before GC invocations=21 (full 0):
 garbage-first heap   total 107520K, used 82888K [0x00000000ca000000, 0x0000000100000000)
  region size 1024K, 29 young (29696K), 1 survivors (1024K)
 Metaspace       used 62604K, committed 62912K, reserved 1114112K
  class space    used 7488K, committed 7616K, reserved 1048576K
}

